<?xml version="1.0" encoding="UTF-8"?>
<!-- Generated by org.testng.reporters.JUnitXMLReporter -->
<testsuite ignored="0" hostname="LAPTOP-P6I5ANOL" failures="0" tests="4" name="BoraTech" time="5.592" errors="0" timestamp="2022-09-06T20:13:16 EDT">
  <testcase classname="cucumber.POM.BoraTech_SignUp" name="VerifyHomePageUrl" time="0.012"/>
  <testcase classname="cucumber.POM.BoraTech_SignUp" name="click_SignIn_Button" time="0.076"/>
  <testcase classname="cucumber.POM.BoraTech_SignUp" name="VerifySigUpPagaUrl" time="0.008"/>
  <testcase classname="cucumber.POM.BoraTech_SignUp" name="Sing_Up" time="0.362"/>
</testsuite> <!-- BoraTech -->
