<?xml version="1.0" encoding="UTF-8"?>
<testsuite xmlns:xsi="http://www.w3.org/2001/XMLSchema-instance" xsi:noNamespaceSchemaLocation="https://maven.apache.org/surefire/maven-surefire-plugin/xsd/surefire-test-report-3.0.xsd" version="3.0" name="TestSuite" time="6.246" tests="4" errors="0" skipped="0" failures="0">
  <properties>
[...]
</properties>
  <testcase name="VerifyHomePageUrl[https://boratech.herokuapp.com/](1)" classname="cucumber.POM.BoraTech_SignUp" time="0.018">
    <system-out><![CDATA[we are initializing driver
]]></system-out>
    <system-err><![CDATA[SLF4J: Failed to load class "org.slf4j.impl.StaticLoggerBinder".
SLF4J: Defaulting to no-operation (NOP) logger implementation
SLF4J: See http://www.slf4j.org/codes.html#StaticLoggerBinder for further details.
Starting ChromeDriver 105.0.5195.52 (412c95e518836d8a7d97250d62b29c2ae6a26a85-refs/branch-heads/5195@{#853}) on port 50311
Only local connections are allowed.
Please see https://chromedriver.chromium.org/security-considerations for suggestions on keeping ChromeDriver safe.
ChromeDriver was started successfully.
Sep 06, 2022 8:13:13 PM org.openqa.selenium.remote.ProtocolHandshake createSession
INFO: Detected dialect: W3C
Sep 06, 2022 8:13:13 PM org.openqa.selenium.devtools.CdpVersionFinder findNearestMatch
WARNING: Unable to find an exact match for CDP version 105, so returning the closest version found: a no-op implementation
Sep 06, 2022 8:13:13 PM org.openqa.selenium.devtools.CdpVersionFinder findNearestMatch
INFO: Unable to find CDP implementation matching 105.
Sep 06, 2022 8:13:13 PM org.openqa.selenium.chromium.ChromiumDriver lambda$new$3
WARNING: Unable to find version of CDP to use for . You may need to include a dependency on a specific version of the CDP using something similar to `org.seleniumhq.selenium:selenium-devtools-v86:4.1.2` where the version ("v86") matches the version of the chromium-based browser you're using and the version number of the artifact is the same as Selenium's.
]]></system-err>
  </testcase>
  <testcase name="click_SignIn_Button" classname="cucumber.POM.BoraTech_SignUp" time="0.072"/>
  <testcase name="VerifySigUpPagaUrl[https://boratech.herokuapp.com/register](1)" classname="cucumber.POM.BoraTech_SignUp" time="0.009">
    <system-out><![CDATA[currentUrl ==> https://boratech.herokuapp.com/register , expectedUrl ==> https://boratech.herokuapp.com/register
]]></system-out>
  </testcase>
  <testcase name="Sing_Up[JumanJo, JumanJo@gmail.com, 1234567, 1234567](1)" classname="cucumber.POM.BoraTech_SignUp" time="0.362"/>
</testsuite>