<?xml version="1.0" encoding="UTF-8"?>
<testng-results ignored="0" total="1" passed="1" failed="0" skipped="0">
  <reporter-output>
  </reporter-output>
  <suite started-at="2022-09-08T11:47:01 EDT" name="Suite" finished-at="2022-09-08T11:47:02 EDT" duration-ms="73">
    <groups>
    </groups>
    <test started-at="2022-09-08T11:47:01 EDT" name="BoraTech" finished-at="2022-09-08T11:47:02 EDT" duration-ms="73">
      <class name="cucumber.POM.Test1">
        <test-method signature="test()[pri:0, instance:cucumber.POM.Test1@29215f06]" started-at="2022-09-08T11:47:02 EDT" name="test" finished-at="2022-09-08T11:47:02 EDT" duration-ms="7" status="PASS">
          <reporter-output>
          </reporter-output>
        </test-method> <!-- test -->
      </class> <!-- cucumber.POM.Test1 -->
    </test> <!-- BoraTech -->
  </suite> <!-- Suite -->
</testng-results>
