<?xml version="1.0" encoding="UTF-8"?>
<testng-results ignored="0" total="4" passed="4" failed="0" skipped="0">
  <reporter-output>
  </reporter-output>
  <suite started-at="2022-09-06T20:13:10 EDT" name="Suite" finished-at="2022-09-06T20:13:16 EDT" duration-ms="5592">
    <groups>
    </groups>
    <test started-at="2022-09-06T20:13:10 EDT" name="BoraTech" finished-at="2022-09-06T20:13:16 EDT" duration-ms="5592">
      <class name="cucumber.POM.BoraTech_SignUp">
        <test-method is-config="true" signature="initilizeDriver(java.lang.String)[pri:0, instance:cucumber.POM.BoraTech_SignUp@5b1669c0]" started-at="2022-09-06T20:13:10 EDT" name="initilizeDriver" finished-at="2022-09-06T20:13:15 EDT" duration-ms="5088" status="PASS">
          <params>
            <param index="0">
              <value>
                <![CDATA[https://boratech.herokuapp.com/]]>
              </value>
            </param>
          </params>
          <reporter-output>
          </reporter-output>
        </test-method> <!-- initilizeDriver -->
        <test-method signature="VerifyHomePageUrl(java.lang.String)[pri:0, instance:cucumber.POM.BoraTech_SignUp@5b1669c0]" started-at="2022-09-06T20:13:15 EDT" name="VerifyHomePageUrl" finished-at="2022-09-06T20:13:15 EDT" duration-ms="12" status="PASS">
          <params>
            <param index="0">
              <value>
                <![CDATA[https://boratech.herokuapp.com/]]>
              </value>
            </param>
          </params>
          <reporter-output>
          </reporter-output>
        </test-method> <!-- VerifyHomePageUrl -->
        <test-method signature="click_SignIn_Button()[pri:0, instance:cucumber.POM.BoraTech_SignUp@5b1669c0]" started-at="2022-09-06T20:13:15 EDT" name="click_SignIn_Button" finished-at="2022-09-06T20:13:16 EDT" duration-ms="76" status="PASS">
          <reporter-output>
          </reporter-output>
        </test-method> <!-- click_SignIn_Button -->
        <test-method signature="VerifySigUpPagaUrl(java.lang.String)[pri:1, instance:cucumber.POM.BoraTech_SignUp@5b1669c0]" started-at="2022-09-06T20:13:16 EDT" name="VerifySigUpPagaUrl" finished-at="2022-09-06T20:13:16 EDT" duration-ms="8" status="PASS">
          <params>
            <param index="0">
              <value>
                <![CDATA[https://boratech.herokuapp.com/register]]>
              </value>
            </param>
          </params>
          <reporter-output>
          </reporter-output>
        </test-method> <!-- VerifySigUpPagaUrl -->
        <test-method signature="Sing_Up(java.lang.String,java.lang.String,java.lang.String,java.lang.String)[pri:0, instance:cucumber.POM.BoraTech_SignUp@5b1669c0]" started-at="2022-09-06T20:13:16 EDT" name="Sing_Up" data-provider="dataProvider" finished-at="2022-09-06T20:13:16 EDT" depends-on-methods="cucumber.POM.BoraTech_SignUp.VerifySigUpPagaUrl" duration-ms="362" status="PASS">
          <params>
            <param index="0">
              <value>
                <![CDATA[JumanJo]]>
              </value>
            </param>
            <param index="1">
              <value>
                <![CDATA[JumanJo@gmail.com]]>
              </value>
            </param>
            <param index="2">
              <value>
                <![CDATA[1234567]]>
              </value>
            </param>
            <param index="3">
              <value>
                <![CDATA[1234567]]>
              </value>
            </param>
          </params>
          <reporter-output>
          </reporter-output>
        </test-method> <!-- Sing_Up -->
      </class> <!-- cucumber.POM.BoraTech_SignUp -->
    </test> <!-- BoraTech -->
  </suite> <!-- Suite -->
</testng-results>
