<?xml version="1.0" encoding="UTF-8"?>
<testng-results ignored="0" total="1" passed="1" failed="0" skipped="0">
  <reporter-output>
  </reporter-output>
  <suite started-at="2022-09-07T10:54:16 EDT" name="Default suite" finished-at="2022-09-07T10:54:16 EDT" duration-ms="70">
    <groups>
    </groups>
    <test started-at="2022-09-07T10:54:16 EDT" name="Default test" finished-at="2022-09-07T10:54:16 EDT" duration-ms="70">
      <class name="cucumber.POM.Test1">
        <test-method signature="test()[pri:0, instance:cucumber.POM.Test1@5824a83d]" started-at="2022-09-07T10:54:16 EDT" name="test" finished-at="2022-09-07T10:54:16 EDT" duration-ms="8" status="PASS">
          <reporter-output>
          </reporter-output>
        </test-method> <!-- test -->
      </class> <!-- cucumber.POM.Test1 -->
    </test> <!-- Default test -->
  </suite> <!-- Default suite -->
</testng-results>
